<?xml version="1.0" encoding="UTF-8" ?>
<testsuites>
 <testsuite name="OrderItem e2e test" timestamp="2018-09-28T16:42:06" hostname="localhost" time="4.437" errors="0" tests="2" skipped="0" disabled="0" failures="0">
  <testcase classname="OrderItem e2e test" name="should load OrderItems" time="0.158" />
  <testcase classname="OrderItem e2e test" name="should load create OrderItem page" time="0.387" />
 </testsuite>
</testsuites>