<?xml version="1.0" encoding="UTF-8" ?>
<testsuites>
 <testsuite name="ProductOrder e2e test" timestamp="2018-09-28T16:42:21" hostname="localhost" time="4.415" errors="0" tests="2" skipped="0" disabled="0" failures="0">
  <testcase classname="ProductOrder e2e test" name="should load ProductOrders" time="0.142" />
  <testcase classname="ProductOrder e2e test" name="should load create ProductOrder page" time="0.382" />
 </testsuite>
</testsuites>