<?xml version="1.0" encoding="UTF-8" ?>
<testsuites>
 <testsuite name="account" timestamp="2018-09-28T16:41:33" hostname="localhost" time="11.033" errors="0" tests="5" skipped="0" disabled="0" failures="0">
  <testcase classname="account" name="should fail to login with bad password" time="0.322" />
  <testcase classname="account" name="should login successfully with admin account" time="3.283" />
  <testcase classname="account" name="should be able to update settings" time="0.545" />
  <testcase classname="account" name="should fail to update password when using incorrect current password" time="0.868" />
  <testcase classname="account" name="should be able to update password" time="1.53" />
 </testsuite>
</testsuites>