<?xml version="1.0" encoding="UTF-8" ?>
<testsuites>
 <testsuite name="Shipment e2e test" timestamp="2018-09-28T16:42:35" hostname="localhost" time="4.695" errors="0" tests="2" skipped="0" disabled="0" failures="0">
  <testcase classname="Shipment e2e test" name="should load Shipments" time="0.144" />
  <testcase classname="Shipment e2e test" name="should load create Shipment page" time="0.38" />
 </testsuite>
</testsuites>