<?xml version="1.0" encoding="UTF-8" ?>
<testsuites>
 <testsuite name="ProductCategory e2e test" timestamp="2018-09-28T16:42:11" hostname="localhost" time="9.733" errors="0" tests="3" skipped="0" disabled="0" failures="0">
  <testcase classname="ProductCategory e2e test" name="should load ProductCategories" time="0.148" />
  <testcase classname="ProductCategory e2e test" name="should load create ProductCategory page" time="0.374" />
  <testcase classname="ProductCategory e2e test" name="should create and save ProductCategories" time="0.664" />
 </testsuite>
</testsuites>